<<<<<<< HEAD
﻿Build started 19.12.2018 15:24:15.
     1>Project "C:\Users\shirokov.s\Documents\Git\lab3-stack\ConsoleApplication1.vcxproj" on node 2 (Build target(s)).
     1>ClCompile:
         C:\Program Files (x86)\Microsoft Visual Studio 11.0\VC\bin\CL.exe /c /ZI /nologo /W3 /WX- /Od /Oy- /D WIN32 /D _DEBUG /D _CONSOLE /D _UNICODE /D UNICODE /Gm /EHsc /RTC1 /MDd /GS /fp:precise /Zc:wchar_t /Zc:forScope /Fo"Debug\\" /Fd"Debug\vc110.pdb" /Gd /TP /analyze- /errorReport:prompt main.cpp
         main.cpp
     1>c:\users\shirokov.s\documents\git\lab3-stack\tcalc.h(38): warning C4018: '<' : signed/unsigned mismatch
     1>c:\users\shirokov.s\documents\git\lab3-stack\tcalc.h(83): warning C4018: '<' : signed/unsigned mismatch
     1>c:\users\shirokov.s\documents\git\lab3-stack\tcalc.h(114): warning C4018: '<' : signed/unsigned mismatch
     1>c:\users\shirokov.s\documents\git\lab3-stack\tcalc.h(71): warning C4715: 'TCalculator::Prty' : not all control paths return a value
       Link:
         C:\Program Files (x86)\Microsoft Visual Studio 11.0\VC\bin\link.exe /ERRORREPORT:PROMPT /OUT:"C:\Users\shirokov.s\Documents\Git\lab3-stack\Debug\ConsoleApplication1.exe" /INCREMENTAL /NOLOGO kernel32.lib user32.lib gdi32.lib winspool.lib comdlg32.lib advapi32.lib shell32.lib ole32.lib oleaut32.lib uuid.lib odbc32.lib odbccp32.lib /MANIFEST /MANIFESTUAC:"level='asInvoker' uiAccess='false'" /manifest:embed /DEBUG /PDB:"C:\Users\shirokov.s\Documents\Git\lab3-stack\Debug\ConsoleApplication1.pdb" /SUBSYSTEM:CONSOLE /TLBID:1 /DYNAMICBASE /NXCOMPAT /IMPLIB:"C:\Users\shirokov.s\Documents\Git\lab3-stack\Debug\ConsoleApplication1.lib" /MACHINE:X86 Debug\main.obj
         ConsoleApplication1.vcxproj -> C:\Users\shirokov.s\Documents\Git\lab3-stack\Debug\ConsoleApplication1.exe
     1>Done Building Project "C:\Users\shirokov.s\Documents\Git\lab3-stack\ConsoleApplication1.vcxproj" (Build target(s)).

Build succeeded.

Time Elapsed 00:00:01.22
=======
﻿Сборка начата 15.12.2018 4:20:40.
     1>Проект "D:\Git\lab3-stack\ConsoleApplication1.vcxproj" в узле 2 (целевые объекты Build).
     1>ClCompile:
         D:\Program\MVS\VC\bin\CL.exe /c /ZI /nologo /W3 /WX- /Od /Oy- /D WIN32 /D _DEBUG /D _CONSOLE /D _UNICODE /D UNICODE /Gm /EHsc /RTC1 /MDd /GS /fp:precise /Zc:wchar_t /Zc:forScope /Fo"Debug\\" /Fd"Debug\vc120.pdb" /Gd /TP /analyze- /errorReport:prompt main.cpp
         main.cpp
     1>d:\git\lab3-stack\tcalc.h(38): warning C4018: <: несоответствие типов со знаком и без знака
     1>d:\git\lab3-stack\tcalc.h(83): warning C4018: <: несоответствие типов со знаком и без знака
     1>d:\git\lab3-stack\tcalc.h(114): warning C4018: <: несоответствие типов со знаком и без знака
     1>d:\git\lab3-stack\tcalc.h(71): warning C4715: TCalculator::Prty: значение возвращается не при всех путях выполнения
       Link:
         D:\Program\MVS\VC\bin\link.exe /ERRORREPORT:PROMPT /OUT:"D:\Git\lab3-stack\Debug\ConsoleApplication1.exe" /INCREMENTAL /NOLOGO kernel32.lib user32.lib gdi32.lib winspool.lib comdlg32.lib advapi32.lib shell32.lib ole32.lib oleaut32.lib uuid.lib odbc32.lib odbccp32.lib /MANIFEST /MANIFESTUAC:"level='asInvoker' uiAccess='false'" /manifest:embed /DEBUG /PDB:"D:\Git\lab3-stack\Debug\ConsoleApplication1.pdb" /SUBSYSTEM:CONSOLE /TLBID:1 /DYNAMICBASE /NXCOMPAT /IMPLIB:"D:\Git\lab3-stack\Debug\ConsoleApplication1.lib" /MACHINE:X86 Debug\main.obj
         ConsoleApplication1.vcxproj -> D:\Git\lab3-stack\Debug\ConsoleApplication1.exe
     1>Сборка проекта "D:\Git\lab3-stack\ConsoleApplication1.vcxproj" завершена (целевые объекты Build).

Сборка успешно завершена.

Затраченное время: 00:00:01.18
>>>>>>> 888f047f46a37d45f099c27101a1d247a029cc1f
